{"/Users/octavianmihaistoica/Documents/practice-boilerplate/client/src/utils/utils.js": {"path":"/Users/octavianmihaistoica/Documents/practice-boilerplate/client/src/utils/utils.js","statementMap":{"0":{"start":{"line":3,"column":28},"end":{"line":4,"column":37}},"1":{"start":{"line":4,"column":2},"end":{"line":4,"column":37}},"2":{"start":{"line":6,"column":27},"end":{"line":10,"column":1}},"3":{"start":{"line":7,"column":19},"end":{"line":7,"column":33}},"4":{"start":{"line":8,"column":2},"end":{"line":8,"column":35}},"5":{"start":{"line":9,"column":2},"end":{"line":9,"column":15}}},"fnMap":{"0":{"name":"(anonymous_0)","decl":{"start":{"line":3,"column":28},"end":{"line":3,"column":29}},"loc":{"start":{"line":4,"column":2},"end":{"line":4,"column":37}},"line":4},"1":{"name":"(anonymous_1)","decl":{"start":{"line":6,"column":27},"end":{"line":6,"column":28}},"loc":{"start":{"line":6,"column":53},"end":{"line":10,"column":1}},"line":6}},"branchMap":{},"s":{"0":1,"1":2,"2":1,"3":1,"4":1,"5":1},"f":{"0":2,"1":1},"b":{},"_coverageSchema":"1a1c01bbd47fc00a2c39e90264f33305004495a9","hash":"b9ae4faa5a1722dc0c44d714f2b77c10976a02bd"}
}
